[2025-01-18T02:34:51.466Z] INFO: listening on port 3000
[2025-01-18T02:35:04.939Z] ERROR: This is a test error for logging - GET /test-error[2025-04-18T02:43:30.260Z] INFO: listening on port 3000
[2025-01-18T02:43:55.838Z] INFO: GET /test-error
[2025-04-18T02:43:57.370Z] INFO: GET /test-error
[2025-02-17T07:57:22.746Z] INFO: User added item to cart: Office Chair
[2025-02-17T08:46:22.746Z] INFO: User searched for 'study table'
[2025-02-17T09:57:22.746Z] INFO: Product listed: Used Bicycle - ₹1500
[2025-02-17T14:53:22.746Z] INFO: Rental request created for 'Room Heater'
[2025-02-17T16:11:22.746Z] INFO: User viewed listing: ASUS Laptop - ₹35000
[2025-02-17T21:36:22.746Z] INFO: User searched for 'study table'
[2025-02-18T09:11:22.746Z] INFO: Listing edited: Second-hand Mattress
[2025-02-18T09:45:22.746Z] INFO: Rental request created for 'Room Heater'
[2025-02-18T12:14:22.746Z] INFO: Product listed: Used Bicycle - ₹1500
[2025-02-18T12:54:22.746Z] ERROR: Unhandled exception in rental approval route
[2025-02-18T15:25:22.746Z] INFO: User signed up with IITJ email
[2025-02-18T15:54:22.746Z] INFO: Profile updated by user: aadit.iitj
[2025-02-18T21:29:22.746Z] INFO: Listing edited: Second-hand Mattress
[2025-02-19T13:13:22.746Z] INFO: Product listed: Used Bicycle - ₹1500
[2025-02-19T16:47:22.746Z] INFO: User viewed listing: ASUS Laptop - ₹35000
[2025-02-19T21:29:22.746Z] INFO: Profile updated by user: aadit.iitj
[2025-02-20T17:42:22.746Z] ERROR: Database write failed on placing bid - POST /api/bid
[2025-02-20T18:25:22.746Z] INFO: User viewed listing: ASUS Laptop - ₹35000
[2025-02-20T21:27:22.746Z] INFO: User signed up with IITJ email
[2025-02-20T22:30:22.746Z] INFO: Profile updated by user: aadit.iitj
[2025-02-20T23:09:22.746Z] INFO: Rental request created for 'Room Heater'
[2025-02-21T00:44:22.746Z] INFO: Rental request created for 'Room Heater'
[2025-02-21T02:48:22.746Z] INFO: User searched for 'study table'
[2025-02-21T10:36:22.746Z] INFO: User searched for 'study table'
[2025-02-21T12:32:22.746Z] INFO: Bid placed: ₹1200 for 'Guitar'
[2025-02-21T14:00:22.746Z] INFO: Listing edited: Second-hand Mattress
[2025-02-21T14:06:22.746Z] INFO: User searched for 'study table'
[2025-02-23T08:21:22.746Z] INFO: Product listed: Used Bicycle - ₹1500
[2025-02-23T20:38:22.746Z] INFO: User signed up with IITJ email
[2025-02-24T04:01:22.746Z] INFO: User added item to cart: Office Chair
[2025-02-24T10:52:22.746Z] INFO: Profile updated by user: aadit.iitj
[2025-02-25T02:42:22.746Z] INFO: User added item to cart: Office Chair
[2025-02-25T07:38:22.746Z] ERROR: Cart retrieval failed - GET /api/cart/summary
[2025-02-25T08:52:22.746Z] INFO: Bid placed: ₹1200 for 'Guitar'
[2025-02-25T18:43:22.746Z] INFO: Profile updated by user: aadit.iitj
[2025-02-25T21:26:22.746Z] INFO: Listing edited: Second-hand Mattress
[2025-02-26T01:58:22.746Z] INFO: Bid placed: ₹1200 for 'Guitar'
[2025-02-26T10:06:22.746Z] INFO: User viewed listing: ASUS Laptop - ₹35000
[2025-02-26T11:43:22.746Z] INFO: User added item to cart: Office Chair
[2025-02-27T06:03:22.746Z] INFO: Bid placed: ₹1200 for 'Guitar'
[2025-02-27T17:03:22.746Z] ERROR: Error uploading image - POST /api/list/image
[2025-02-27T17:38:22.746Z] INFO: User viewed listing: ASUS Laptop - ₹35000
[2025-02-27T21:34:22.746Z] INFO: User viewed listing: ASUS Laptop - ₹35000
[2025-02-27T23:40:22.746Z] INFO: User viewed listing: ASUS Laptop - ₹35000
[2025-02-28T11:09:22.746Z] INFO: User logged in successfully
[2025-02-28T11:24:22.746Z] INFO: User searched for 'study table'
[2025-02-28T12:14:22.746Z] INFO: Profile updated by user: aadit.iitj
[2025-02-28T12:43:22.746Z] INFO: User logged in successfully
[2025-02-28T14:02:22.746Z] ERROR: Cart retrieval failed - GET /api/cart/summary
[2025-02-28T22:34:22.746Z] INFO: User searched for 'study table'
[2025-03-01T02:01:22.746Z] INFO: Product listed: Used Bicycle - ₹1500
[2025-03-01T02:22:22.746Z] INFO: Profile updated by user: aadit.iitj
[2025-03-01T04:14:22.746Z] INFO: User signed up with IITJ email
[2025-03-01T11:32:22.746Z] INFO: Bid placed: ₹1200 for 'Guitar'
[2025-03-01T18:55:22.746Z] INFO: Listing edited: Second-hand Mattress
[2025-03-01T22:39:22.746Z] INFO: Listing edited: Second-hand Mattress
[2025-03-02T01:18:22.746Z] INFO: User logged in successfully
[2025-03-02T22:07:22.746Z] INFO: Profile updated by user: aadit.iitj
[2025-03-03T12:52:22.746Z] ERROR: MongoDB connection lost and re-established
[2025-03-03T14:14:22.746Z] INFO: Bid placed: ₹1200 for 'Guitar'
[2025-03-03T17:29:22.746Z] INFO: User viewed listing: ASUS Laptop - ₹35000
[2025-03-03T19:59:22.746Z] INFO: Profile updated by user: aadit.iitj
[2025-03-03T23:07:22.746Z] INFO: Profile updated by user: aadit.iitj
[2025-03-04T11:50:22.746Z] INFO: Bid placed: ₹1200 for 'Guitar'
[2025-03-04T12:18:22.746Z] INFO: User logged in successfully
[2025-03-04T16:05:22.746Z] ERROR: Error fetching product details - GET /api/list/6457
[2025-03-04T19:24:22.746Z] INFO: Profile updated by user: aadit.iitj
[2025-03-04T20:30:22.746Z] INFO: Listing edited: Second-hand Mattress
[2025-03-05T00:30:22.746Z] INFO: User logged in successfully
[2025-03-05T21:18:22.746Z] INFO: User viewed listing: ASUS Laptop - ₹35000
[2025-03-06T07:41:22.746Z] INFO: User logged in successfully
[2025-03-06T10:38:22.746Z] INFO: User logged in successfully
[2025-03-06T12:57:22.746Z] INFO: User added item to cart: Office Chair
[2025-03-06T14:13:22.746Z] INFO: Profile updated by user: aadit.iitj
[2025-03-06T16:08:22.746Z] INFO: User viewed listing: ASUS Laptop - ₹35000
[2025-03-07T06:35:22.746Z] INFO: Profile updated by user: aadit.iitj
[2025-03-07T13:37:22.746Z] INFO: User logged in successfully
[2025-03-07T15:34:22.746Z] INFO: Product listed: Used Bicycle - ₹1500
[2025-03-08T00:20:22.746Z] ERROR: MongoDB connection lost and re-established
[2025-03-08T08:00:22.746Z] INFO: User viewed listing: ASUS Laptop - ₹35000
[2025-03-09T01:06:22.746Z] INFO: User signed up with IITJ email
[2025-03-09T05:54:22.746Z] INFO: Bid placed: ₹1200 for 'Guitar'
[2025-03-09T10:04:22.746Z] INFO: Bid placed: ₹1200 for 'Guitar'
[2025-03-09T10:20:22.746Z] INFO: User signed up with IITJ email
[2025-03-09T16:35:22.746Z] INFO: Profile updated by user: aadit.iitj
[2025-03-09T17:00:22.746Z] INFO: User viewed listing: ASUS Laptop - ₹35000
[2025-03-09T17:38:22.746Z] INFO: Profile updated by user: aadit.iitj
[2025-03-09T23:48:22.746Z] INFO: User searched for 'study table'
[2025-03-10T00:54:22.746Z] INFO: User logged in successfully
[2025-03-10T04:36:22.746Z] INFO: Rental request created for 'Room Heater'
[2025-03-10T05:48:22.746Z] ERROR: Payment gateway timeout - POST /api/checkout
[2025-03-10T13:56:22.746Z] INFO: Product listed: Used Bicycle - ₹1500
[2025-03-11T04:16:22.746Z] INFO: User signed up with IITJ email
[2025-03-11T05:14:22.746Z] ERROR: Error fetching product details - GET /api/list/6457
[2025-03-11T08:04:22.746Z] INFO: User logged in successfully
[2025-03-11T12:27:22.746Z] INFO: User viewed listing: ASUS Laptop - ₹35000
[2025-03-11T13:08:22.746Z] INFO: User logged in successfully
[2025-03-11T14:19:22.746Z] INFO: User searched for 'study table'
[2025-03-11T19:48:22.746Z] INFO: Profile updated by user: aadit.iitj
[2025-03-12T10:44:22.746Z] INFO: Profile updated by user: aadit.iitj
[2025-03-12T11:58:22.746Z] INFO: User signed up with IITJ email
[2025-03-12T15:01:22.746Z] INFO: Bid placed: ₹1200 for 'Guitar'
[2025-03-12T17:02:22.746Z] INFO: Profile updated by user: aadit.iitj
[2025-03-12T19:05:22.746Z] INFO: Product listed: Used Bicycle - ₹1500
[2025-03-12T19:50:22.746Z] INFO: Product listed: Used Bicycle - ₹1500
[2025-03-12T22:46:22.746Z] INFO: Rental request created for 'Room Heater'
[2025-03-13T03:11:22.746Z] INFO: Listing edited: Second-hand Mattress
[2025-03-13T10:57:22.746Z] INFO: Bid placed: ₹1200 for 'Guitar'
[2025-03-13T11:35:22.746Z] INFO: User searched for 'study table'
[2025-03-14T02:30:22.746Z] ERROR: Unauthorized access attempt - GET /api/cart
[2025-03-14T12:26:22.746Z] INFO: Rental request created for 'Room Heater'
[2025-03-14T14:17:22.746Z] INFO: User viewed listing: ASUS Laptop - ₹35000
[2025-03-14T23:18:22.746Z] INFO: User searched for 'study table'
[2025-03-15T01:36:22.746Z] INFO: Profile updated by user: aadit.iitj
[2025-03-15T05:33:22.746Z] INFO: User searched for 'study table'
[2025-03-15T21:53:22.746Z] INFO: User added item to cart: Office Chair
[2025-03-16T02:04:22.746Z] INFO: User viewed listing: ASUS Laptop - ₹35000
[2025-03-16T06:26:22.746Z] INFO: Product listed: Used Bicycle - ₹1500
[2025-03-16T17:42:22.746Z] INFO: Profile updated by user: aadit.iitj
[2025-03-17T02:18:22.746Z] INFO: Rental request created for 'Room Heater'
[2025-03-18T08:04:22.746Z] ERROR: Payment gateway timeout - POST /api/checkout
[2025-03-18T12:13:22.746Z] ERROR: Unhandled exception in rental approval route
[2025-03-18T19:51:22.746Z] INFO: Bid placed: ₹1200 for 'Guitar'
[2025-03-18T20:35:22.746Z] INFO: Rental request created for 'Room Heater'
[2025-03-18T22:09:22.746Z] INFO: Product listed: Used Bicycle - ₹1500
[2025-03-19T02:11:22.746Z] ERROR: Payment gateway timeout - POST /api/checkout
[2025-03-19T04:52:22.746Z] INFO: Bid placed: ₹1200 for 'Guitar'
[2025-03-19T04:53:22.746Z] INFO: Listing edited: Second-hand Mattress
[2025-03-19T06:35:22.746Z] INFO: User logged in successfully
[2025-03-19T09:02:22.746Z] INFO: User added item to cart: Office Chair
[2025-03-19T11:14:22.746Z] ERROR: MongoDB connection lost and re-established
[2025-03-19T11:45:22.746Z] INFO: Listing edited: Second-hand Mattress
[2025-03-19T14:32:22.746Z] INFO: Profile updated by user: aadit.iitj
[2025-03-19T17:57:22.746Z] INFO: Bid placed: ₹1200 for 'Guitar'
[2025-03-19T22:21:22.746Z] INFO: Profile updated by user: aadit.iitj
[2025-03-19T22:57:22.746Z] INFO: Rental request created for 'Room Heater'
[2025-03-20T04:55:22.746Z] ERROR: Unhandled exception in rental approval route
[2025-03-20T10:55:22.746Z] INFO: Rental request created for 'Room Heater'
[2025-03-21T00:10:22.746Z] INFO: Listing edited: Second-hand Mattress
[2025-03-21T01:51:22.746Z] INFO: Rental request created for 'Room Heater'
[2025-03-21T01:59:22.746Z] INFO: Listing edited: Second-hand Mattress
[2025-03-21T03:09:22.746Z] INFO: Listing edited: Second-hand Mattress
[2025-03-21T05:09:22.746Z] INFO: User signed up with IITJ email
[2025-03-21T17:47:22.746Z] INFO: User signed up with IITJ email
[2025-03-21T19:23:22.746Z] INFO: Bid placed: ₹1200 for 'Guitar'
[2025-03-21T21:36:22.746Z] ERROR: Database write failed on placing bid - POST /api/bid
[2025-03-21T23:14:22.746Z] INFO: Bid placed: ₹1200 for 'Guitar'
[2025-03-21T23:49:22.746Z] INFO: User signed up with IITJ email
[2025-03-22T02:39:22.746Z] INFO: Product listed: Used Bicycle - ₹1500
[2025-03-22T13:31:22.746Z] INFO: User signed up with IITJ email
[2025-03-22T19:09:22.746Z] INFO: Listing edited: Second-hand Mattress
[2025-03-23T00:00:22.746Z] ERROR: Error uploading image - POST /api/list/image
[2025-03-23T03:07:22.746Z] ERROR: MongoDB connection lost and re-established
[2025-03-23T05:42:22.746Z] INFO: Product listed: Used Bicycle - ₹1500
[2025-03-23T08:27:22.746Z] INFO: User logged in successfully
[2025-03-23T09:43:22.746Z] INFO: User signed up with IITJ email
[2025-03-23T15:58:22.746Z] ERROR: Database write failed on placing bid - POST /api/bid
[2025-03-23T16:27:22.746Z] INFO: Profile updated by user: aadit.iitj
[2025-03-23T17:27:22.746Z] ERROR: Error fetching product details - GET /api/list/6457
[2025-03-23T18:49:22.746Z] INFO: Rental request created for 'Room Heater'
[2025-03-23T23:25:22.746Z] INFO: User logged in successfully
[2025-03-24T00:49:22.746Z] INFO: User searched for 'study table'
[2025-03-24T01:46:22.746Z] INFO: User signed up with IITJ email
[2025-03-24T20:09:22.746Z] ERROR: MongoDB connection lost and re-established
[2025-03-24T22:57:22.746Z] INFO: Product listed: Used Bicycle - ₹1500
[2025-03-25T01:07:22.746Z] INFO: User signed up with IITJ email
[2025-03-25T04:58:22.746Z] INFO: Profile updated by user: aadit.iitj
[2025-03-25T13:58:22.746Z] INFO: Rental request created for 'Room Heater'
[2025-03-25T18:59:22.746Z] INFO: Bid placed: ₹1200 for 'Guitar'
[2025-03-25T21:54:22.746Z] INFO: Product listed: Used Bicycle - ₹1500
[2025-03-26T08:24:22.746Z] INFO: User logged in successfully
[2025-03-27T04:18:22.746Z] ERROR: Cart retrieval failed - GET /api/cart/summary
[2025-03-27T04:51:22.746Z] INFO: Product listed: Used Bicycle - ₹1500
[2025-03-27T08:44:22.746Z] INFO: User viewed listing: ASUS Laptop - ₹35000
[2025-03-27T10:00:22.746Z] INFO: User viewed listing: ASUS Laptop - ₹35000
[2025-03-27T12:30:22.746Z] INFO: Product listed: Used Bicycle - ₹1500
[2025-03-27T16:49:22.746Z] INFO: Product listed: Used Bicycle - ₹1500
[2025-03-27T17:02:22.746Z] INFO: User signed up with IITJ email
[2025-03-27T17:26:22.746Z] INFO: User signed up with IITJ email
[2025-03-27T21:33:22.746Z] INFO: User searched for 'study table'
[2025-03-28T02:47:22.746Z] ERROR: Cart retrieval failed - GET /api/cart/summary
[2025-03-28T10:20:22.746Z] INFO: User searched for 'study table'
[2025-03-28T15:48:22.746Z] INFO: User logged in successfully
[2025-03-28T16:00:22.746Z] INFO: Bid placed: ₹1200 for 'Guitar'
[2025-03-28T16:23:22.746Z] ERROR: Error fetching product details - GET /api/list/6457
[2025-03-29T00:20:22.746Z] INFO: User logged in successfully
[2025-03-29T02:15:22.746Z] INFO: Product listed: Used Bicycle - ₹1500
[2025-03-29T05:10:22.746Z] INFO: User viewed listing: ASUS Laptop - ₹35000
[2025-03-29T08:22:22.746Z] INFO: Profile updated by user: aadit.iitj
[2025-03-29T09:06:22.746Z] INFO: User logged in successfully
[2025-03-29T09:16:22.746Z] ERROR: Cart retrieval failed - GET /api/cart/summary
[2025-03-29T18:27:22.746Z] INFO: User logged in successfully
[2025-03-29T21:28:22.746Z] INFO: Profile updated by user: aadit.iitj
[2025-03-29T21:28:22.746Z] INFO: User signed up with IITJ email
[2025-03-29T21:31:22.746Z] INFO: User searched for 'study table'
[2025-03-29T21:57:22.746Z] INFO: User logged in successfully
[2025-03-30T00:22:22.746Z] INFO: User added item to cart: Office Chair
[2025-03-30T05:58:22.746Z] INFO: Product listed: Used Bicycle - ₹1500
[2025-03-30T06:46:22.746Z] ERROR: Error uploading image - POST /api/list/image
[2025-03-30T08:32:22.746Z] INFO: User searched for 'study table'
[2025-03-30T09:15:22.746Z] INFO: Bid placed: ₹1200 for 'Guitar'
[2025-03-30T11:51:22.746Z] ERROR: Error uploading image - POST /api/list/image
[2025-03-30T21:53:22.746Z] INFO: Profile updated by user: aadit.iitj
[2025-03-30T22:00:22.746Z] ERROR: Unhandled exception in rental approval route
[2025-03-31T08:45:22.746Z] INFO: Bid placed: ₹1200 for 'Guitar'
[2025-03-31T13:15:22.746Z] INFO: Product listed: Used Bicycle - ₹1500
[2025-03-31T15:22:22.746Z] INFO: User signed up with IITJ email
[2025-03-31T18:35:22.746Z] INFO: User searched for 'study table'
[2025-03-31T21:44:22.746Z] INFO: Rental request created for 'Room Heater'
[2025-03-31T22:32:22.746Z] ERROR: Unhandled exception in rental approval route
[2025-04-01T08:26:22.746Z] INFO: Profile updated by user: aadit.iitj
[2025-04-01T13:35:22.746Z] INFO: Bid placed: ₹1200 for 'Guitar'
[2025-04-01T14:22:22.746Z] ERROR: Unauthorized access attempt - GET /api/cart
[2025-04-01T17:28:22.746Z] ERROR: Cart retrieval failed - GET /api/cart/summary
[2025-04-01T23:06:22.746Z] INFO: User signed up with IITJ email
[2025-04-01T23:19:22.746Z] ERROR: Error uploading image - POST /api/list/image
[2025-04-02T01:52:22.746Z] INFO: User added item to cart: Office Chair
[2025-04-02T10:24:22.746Z] INFO: User viewed listing: ASUS Laptop - ₹35000
[2025-04-03T09:06:22.746Z] INFO: User logged in successfully
[2025-04-03T09:17:22.746Z] INFO: User viewed listing: ASUS Laptop - ₹35000
[2025-04-03T16:24:22.746Z] INFO: User logged in successfully
[2025-04-03T18:25:22.746Z] INFO: Product listed: Used Bicycle - ₹1500
[2025-04-04T01:44:22.746Z] INFO: Profile updated by user: aadit.iitj
[2025-04-04T05:58:22.746Z] INFO: Listing edited: Second-hand Mattress
[2025-04-04T06:10:22.746Z] INFO: Profile updated by user: aadit.iitj
[2025-04-04T07:08:22.746Z] INFO: Bid placed: ₹1200 for 'Guitar'
[2025-04-04T07:29:22.746Z] INFO: Listing edited: Second-hand Mattress
[2025-04-04T13:06:22.746Z] INFO: User viewed listing: ASUS Laptop - ₹35000
[2025-04-04T19:47:22.746Z] INFO: Profile updated by user: aadit.iitj
[2025-04-04T23:08:22.746Z] INFO: Rental request created for 'Room Heater'
[2025-04-04T23:41:22.746Z] INFO: User added item to cart: Office Chair
[2025-04-05T03:31:22.746Z] INFO: User added item to cart: Office Chair
[2025-04-05T04:08:22.746Z] INFO: User searched for 'study table'
[2025-04-05T18:25:22.746Z] INFO: User logged in successfully
[2025-04-05T18:29:22.746Z] ERROR: MongoDB connection lost and re-established
[2025-04-05T20:26:22.746Z] INFO: Listing edited: Second-hand Mattress
[2025-04-06T03:15:22.746Z] INFO: Listing edited: Second-hand Mattress
[2025-04-06T04:34:22.746Z] INFO: Product listed: Used Bicycle - ₹1500
[2025-04-06T10:01:22.746Z] INFO: Product listed: Used Bicycle - ₹1500
[2025-04-06T21:11:22.746Z] INFO: User viewed listing: ASUS Laptop - ₹35000
[2025-04-06T22:18:22.746Z] INFO: Listing edited: Second-hand Mattress
[2025-04-07T09:33:22.746Z] INFO: Rental request created for 'Room Heater'
[2025-04-07T23:02:22.746Z] INFO: User logged in successfully
[2025-04-08T02:29:22.746Z] ERROR: Unhandled exception in rental approval route
[2025-04-08T07:03:22.746Z] INFO: User viewed listing: ASUS Laptop - ₹35000
[2025-04-08T07:26:22.746Z] INFO: Rental request created for 'Room Heater'
[2025-04-08T10:45:22.746Z] ERROR: MongoDB connection lost and re-established
[2025-04-08T11:00:22.746Z] ERROR: Unhandled exception in rental approval route
[2025-04-08T14:07:22.746Z] INFO: User viewed listing: ASUS Laptop - ₹35000
[2025-04-08T14:36:22.746Z] INFO: User logged in successfully
[2025-04-09T04:04:22.746Z] INFO: Profile updated by user: aadit.iitj
[2025-04-09T04:05:22.746Z] INFO: User viewed listing: ASUS Laptop - ₹35000
[2025-04-09T08:13:22.746Z] INFO: User logged in successfully
[2025-04-09T08:44:22.746Z] ERROR: MongoDB connection lost and re-established
[2025-04-09T09:56:22.746Z] ERROR: Database write failed on placing bid - POST /api/bid
[2025-04-09T14:40:22.746Z] ERROR: MongoDB connection lost and re-established
[2025-04-09T15:58:22.746Z] INFO: User viewed listing: ASUS Laptop - ₹35000
[2025-04-09T17:52:22.746Z] INFO: User signed up with IITJ email
[2025-04-09T19:07:22.746Z] INFO: User signed up with IITJ email
[2025-04-09T23:21:22.746Z] INFO: User signed up with IITJ email
[2025-04-10T03:34:22.746Z] INFO: Listing edited: Second-hand Mattress
[2025-04-10T10:31:22.746Z] INFO: Profile updated by user: aadit.iitj
[2025-04-10T15:12:22.746Z] ERROR: Payment gateway timeout - POST /api/checkout
[2025-04-10T19:42:22.746Z] INFO: User viewed listing: ASUS Laptop - ₹35000
[2025-04-11T01:15:22.746Z] INFO: Bid placed: ₹1200 for 'Guitar'
[2025-04-11T02:03:22.746Z] INFO: Rental request created for 'Room Heater'
[2025-04-11T11:54:22.746Z] INFO: User logged in successfully
[2025-04-11T13:20:22.746Z] INFO: Rental request created for 'Room Heater'
[2025-04-12T01:54:22.746Z] INFO: User added item to cart: Office Chair
[2025-04-12T04:07:22.746Z] INFO: Bid placed: ₹1200 for 'Guitar'
[2025-04-12T08:44:22.746Z] INFO: User logged in successfully
[2025-04-12T09:29:22.746Z] INFO: User logged in successfully
[2025-04-12T11:43:22.746Z] ERROR: Error uploading image - POST /api/list/image
[2025-04-13T10:35:22.746Z] INFO: Product listed: Used Bicycle - ₹1500
[2025-04-13T18:39:22.746Z] INFO: Profile updated by user: aadit.iitj
[2025-04-13T21:41:22.746Z] INFO: Rental request created for 'Room Heater'
[2025-04-13T23:51:22.746Z] INFO: User searched for 'study table'
[2025-04-14T08:28:22.746Z] INFO: Rental request created for 'Room Heater'
[2025-04-14T11:17:22.746Z] INFO: Bid placed: ₹1200 for 'Guitar'
[2025-04-14T11:17:22.746Z] INFO: Listing edited: Second-hand Mattress
[2025-04-14T17:19:22.746Z] ERROR: Error fetching product details - GET /api/list/6457
[2025-04-14T19:34:22.746Z] ERROR: Payment gateway timeout - POST /api/checkout
[2025-04-14T19:48:22.746Z] ERROR: Database write failed on placing bid - POST /api/bid
[2025-04-15T00:37:22.746Z] INFO: User added item to cart: Office Chair
[2025-04-15T03:50:22.746Z] INFO: Product listed: Used Bicycle - ₹1500
[2025-04-15T04:12:22.746Z] INFO: User searched for 'study table'
[2025-04-15T04:15:22.746Z] INFO: User added item to cart: Office Chair
[2025-04-15T08:40:22.746Z] INFO: Profile updated by user: aadit.iitj
[2025-04-15T10:56:22.746Z] INFO: Profile updated by user: aadit.iitj
[2025-04-15T12:12:22.746Z] INFO: User searched for 'study table'
[2025-04-15T14:05:22.746Z] INFO: User viewed listing: ASUS Laptop - ₹35000
[2025-04-16T01:14:22.746Z] INFO: User signed up with IITJ email
[2025-04-16T02:26:22.746Z] INFO: User viewed listing: ASUS Laptop - ₹35000
[2025-04-16T02:40:22.746Z] INFO: User viewed listing: ASUS Laptop - ₹35000
[2025-04-16T03:42:22.746Z] INFO: User added item to cart: Office Chair
[2025-04-16T06:36:22.746Z] INFO: Product listed: Used Bicycle - ₹1500
[2025-04-16T23:01:22.746Z] ERROR: Unhandled exception in rental approval route
[2025-04-17T01:46:22.746Z] INFO: User added item to cart: Office Chair
[2025-04-17T04:06:22.746Z] INFO: User added item to cart: Office Chair
[2025-04-17T21:50:22.746Z] INFO: User logged in successfully
[2025-04-18T03:08:24.392Z] INFO: listening on port 3000
[2025-04-18T03:08:35.045Z] INFO: GET /
[2025-04-18T03:08:35.050Z] INFO: GET /
[2025-04-18T03:08:38.707Z] INFO: GET /
[2025-04-18T03:08:38.709Z] INFO: GET /
[2025-04-18T03:10:19.767Z] INFO: POST /api/list/buy/6801af77a4ccdd3c122b2b0b
[2025-04-18T03:12:17.810Z] INFO: listening on port 3000
[2025-04-18T03:12:46.802Z] INFO: listening on port 3000
[2025-04-18T03:12:51.261Z] INFO: POST /api/list/buy/6801af77a4ccdd3c122b2b0b
[2025-04-18T03:14:00.212Z] INFO: listening on port 3000
[2025-04-18T03:14:09.690Z] INFO: GET /
[2025-04-18T03:14:09.698Z] INFO: GET /
[2025-04-18T03:14:13.402Z] INFO: GET /
[2025-04-18T03:14:13.405Z] INFO: GET /
[2025-04-18T03:16:21.649Z] INFO: GET /
[2025-04-18T03:16:21.656Z] INFO: GET /
[2025-04-18T03:16:22.799Z] INFO: GET /
[2025-04-18T03:16:22.800Z] INFO: GET /
[2025-04-18T03:16:23.402Z] INFO: GET /
[2025-04-18T03:16:23.407Z] INFO: GET /
[2025-04-18T03:18:07.643Z] INFO: GET /
[2025-04-18T03:18:07.648Z] INFO: GET /
[2025-04-18T03:18:41.833Z] INFO: GET /
[2025-04-18T03:18:41.839Z] INFO: GET /
[2025-04-18T03:23:10.421Z] INFO: GET /
[2025-04-18T03:23:10.425Z] INFO: GET /
[2025-04-18T03:24:17.975Z] INFO: POST /api/list/6801b12da4ccdd3c122b2b1d
[2025-04-18T03:24:17.980Z] INFO: POST /api/list/6801b12da4ccdd3c122b2b1d
[2025-04-18T03:24:20.041Z] INFO: GET /
[2025-04-18T03:24:20.042Z] INFO: GET /
[2025-04-18T03:24:52.156Z] INFO: POST /api/list/6801acf8a4ccdd3c122b2b06
[2025-04-18T03:24:52.164Z] INFO: POST /api/list/6801acf8a4ccdd3c122b2b06
[2025-04-18T03:27:18.705Z] INFO: POST /api/list/6801acf8a4ccdd3c122b2b06
[2025-04-18T03:27:18.708Z] INFO: POST /api/list/6801acf8a4ccdd3c122b2b06
[2025-04-18T03:29:09.055Z] INFO: listening on port 3000
[2025-04-18T03:30:29.578Z] INFO: GET /
[2025-04-18T03:30:29.610Z] INFO: GET /
[2025-04-18T03:31:50.195Z] INFO: POST /api/list/6801acd0a4ccdd3c122b2b04
[2025-04-18T03:31:50.201Z] INFO: POST /api/list/6801acd0a4ccdd3c122b2b04
[2025-04-18T03:31:53.950Z] INFO: POST /api/list/buy/6801aa3ca4ccdd3c122b2b00
[2025-04-18T03:31:57.627Z] INFO: GET /
[2025-04-18T03:31:57.646Z] INFO: GET /
[2025-04-18T03:32:45.877Z] INFO: GET /
[2025-04-18T03:32:45.902Z] INFO: GET /
[2025-04-18T03:33:46.398Z] INFO: POST /api/list/buy/6801b010a4ccdd3c122b2b10
[2025-04-18T03:34:28.586Z] INFO: POST /api/list/6801acd0a4ccdd3c122b2b04
[2025-04-18T03:34:28.589Z] INFO: POST /api/list/6801acd0a4ccdd3c122b2b04
[2025-04-18T03:34:37.073Z] INFO: GET /
[2025-04-18T03:34:37.093Z] INFO: GET /
[2025-04-18T03:35:32.670Z] INFO: GET /
[2025-04-18T03:35:32.686Z] INFO: GET /
[2025-04-18T03:35:41.585Z] INFO: GET /
[2025-04-18T03:35:42.601Z] INFO: GET /
[2025-04-18T03:35:43.115Z] INFO: GET /
[2025-04-18T03:35:43.526Z] INFO: GET /
[2025-04-18T03:35:57.665Z] INFO: POST /api/list/6801acd0a4ccdd3c122b2b04
[2025-04-18T03:35:57.667Z] INFO: POST /api/list/6801acd0a4ccdd3c122b2b04
[2025-04-18T03:36:51.600Z] INFO: listening on port 3000
[2025-04-18T03:37:25.415Z] INFO: GET /api/list/bic
[2025-04-18T03:37:35.327Z] INFO: GET /api/list/electronic
[2025-04-18T03:37:41.160Z] INFO: GET /api/list/electronics
[2025-04-18T03:37:49.894Z] INFO: GET /api/list/Electronics
[2025-04-18T03:38:02.933Z] INFO: GET /api/list/bicycle
[2025-04-18T03:38:49.820Z] INFO: GET /api/list/Electronics
[2025-04-18T03:39:09.934Z] INFO: listening on port 3000
[2025-04-18T03:39:17.845Z] INFO: GET /api/list/category/Electronics
[2025-04-18T03:39:39.928Z] INFO: listening on port 3000
[2025-04-18T03:40:43.786Z] INFO: listening on port 3000
[2025-04-18T03:40:46.005Z] INFO: GET /api/list/category/Electronics
[2025-04-18T03:40:59.192Z] INFO: GET /api/list/category/bicycle
[2025-04-18T03:41:38.157Z] INFO: POST /api/list/upload
[2025-04-18T03:41:39.570Z] INFO: listening on port 3000
[2025-04-18T03:41:55.676Z] INFO: GET /api/list/category/All
[2025-04-18T03:42:06.090Z] INFO: listening on port 3000
[2025-04-18T03:42:12.742Z] INFO: GET /api/list/render/All
[2025-04-18T03:42:47.498Z] INFO: listening on port 3000
[2025-04-18T03:42:49.346Z] INFO: GET /api/list/render/All
[2025-04-18T03:43:54.037Z] INFO: POST /api/auth/login
[2025-04-18T03:44:27.416Z] INFO: POST /api/auth/signup
[2025-04-18T03:44:40.532Z] INFO: listening on port 3000
[2025-04-18T03:44:41.864Z] INFO: listening on port 3000
[2025-04-18T03:45:56.156Z] INFO: listening on port 3000
[2025-04-18T03:45:59.455Z] INFO: listening on port 3000
[2025-04-18T03:46:01.395Z] INFO: listening on port 3000
[2025-04-18T03:46:05.210Z] INFO: listening on port 3000
[2025-04-18T03:46:09.158Z] INFO: listening on port 3000
[2025-04-18T03:46:12.672Z] INFO: listening on port 3000
[2025-04-18T03:46:15.612Z] INFO: listening on port 3000
[2025-04-18T03:46:17.610Z] INFO: listening on port 3000
[2025-04-18T03:46:52.193Z] INFO: GET /api/list/buy/6801af77a4ccdd3c122b2b0b
[2025-04-18T03:46:57.029Z] INFO: POST /api/list/buy/6801af77a4ccdd3c122b2b0b
[2025-04-18T03:49:40.648Z] INFO: POST /api/list/buy/6801b2b513ef4cb42df14f1a
[2025-04-18T03:52:24.419Z] INFO: listening on port 3000
[2025-04-18T03:52:36.707Z] INFO: listening on port 3000
[2025-04-18T03:55:38.835Z] INFO: POST /api/list/6801acd0a4ccdd3c122b2b04
[2025-04-18T03:55:42.332Z] INFO: POST /api/list/6801acd0a4ccdd3c122b2b04
[2025-04-18T03:55:42.336Z] INFO: POST /api/list/6801acd0a4ccdd3c122b2b04
[2025-04-18T04:01:53.161Z] INFO: POST /api/list/rental/6801b777792ecc048bf2eb13
[2025-04-18T04:02:11.269Z] INFO: GET /
[2025-04-18T04:02:11.299Z] INFO: GET /
[2025-04-18T04:02:13.285Z] INFO: POST /api/list/6801aa3ca4ccdd3c122b2b00
[2025-04-18T04:02:13.292Z] INFO: POST /api/list/6801aa3ca4ccdd3c122b2b00
[2025-04-18T04:02:16.205Z] INFO: GET /
[2025-04-18T04:02:16.221Z] INFO: GET /
[2025-04-18T04:02:18.951Z] INFO: POST /api/list/6801b0e1a4ccdd3c122b2b1b
[2025-04-18T04:02:18.966Z] INFO: POST /api/list/6801b0e1a4ccdd3c122b2b1b
[2025-04-18T04:02:21.674Z] INFO: GET /
[2025-04-18T04:02:21.684Z] INFO: GET /
[2025-04-18T04:02:23.867Z] INFO: POST /api/list/6801b2055a2cc70cf3524bf1
[2025-04-18T04:02:23.870Z] INFO: POST /api/list/6801b2055a2cc70cf3524bf1
[2025-04-18T04:02:25.496Z] INFO: GET /
[2025-04-18T04:02:25.514Z] INFO: GET /
[2025-04-18T04:02:27.658Z] INFO: POST /api/list/6801b2b513ef4cb42df14f1a
[2025-04-18T04:02:27.662Z] INFO: POST /api/list/6801b2b513ef4cb42df14f1a
[2025-04-18T04:03:13.026Z] INFO: GET /
[2025-04-18T04:03:13.045Z] INFO: GET /
[2025-04-18T04:03:16.078Z] INFO: GET /
[2025-04-18T04:03:16.800Z] INFO: GET /
[2025-04-18T04:05:25.928Z] INFO: listening on port 3000
[2025-04-18T04:06:11.136Z] INFO: POST /api/list/6801acd0a4ccdd3c122b2b04
[2025-04-18T04:06:11.144Z] INFO: POST /api/list/6801acd0a4ccdd3c122b2b04
[2025-04-18T04:06:21.929Z] INFO: POST /api/listings
[2025-04-18T04:07:00.454Z] INFO: POST /api/list/upload
[2025-04-18T04:07:45.002Z] INFO: POST /api/list/upload
[2025-04-18T04:08:52.091Z] INFO: GET /render/All
[2025-04-18T04:08:52.103Z] INFO: GET /render/All
[2025-04-18T04:09:43.479Z] INFO: GET /render/All
[2025-04-18T04:09:43.490Z] INFO: GET /render/All
[2025-04-18T04:09:45.022Z] INFO: GET /category/Electronics
[2025-04-18T04:09:46.543Z] INFO: GET /category/Bicycle
[2025-04-18T04:11:22.397Z] INFO: GET /
[2025-04-18T04:11:22.420Z] INFO: GET /
[2025-04-18T04:11:24.860Z] INFO: POST /api/list/6801acd0a4ccdd3c122b2b04
[2025-04-18T04:11:24.863Z] INFO: POST /api/list/6801acd0a4ccdd3c122b2b04
[2025-04-18T04:11:29.455Z] INFO: GET /
[2025-04-18T04:11:29.471Z] INFO: GET /
[2025-04-18T04:11:30.788Z] INFO: GET /
[2025-04-18T04:11:31.505Z] INFO: GET /
[2025-04-18T04:11:33.655Z] INFO: GET /
[2025-04-18T04:11:34.064Z] INFO: GET /
[2025-04-18T04:12:03.631Z] INFO: GET /api/list/categrory/electronics
[2025-04-18T04:12:13.824Z] INFO: GET /api/list/category/electronics
[2025-04-18T04:12:41.322Z] INFO: GET /api/list/category/bicycle
[2025-04-18T04:12:47.593Z] INFO: GET /render/All
[2025-04-18T04:12:47.606Z] INFO: GET /render/All
[2025-04-18T04:12:56.191Z] INFO: GET /render/All
[2025-04-18T04:12:56.202Z] INFO: GET /render/All
[2025-04-18T04:12:59.263Z] INFO: GET /category/Electronics
[2025-04-18T04:13:12.431Z] INFO: GET /render/All
[2025-04-18T04:13:12.442Z] INFO: GET /render/All
[2025-04-18T04:13:42.073Z] INFO: GET /category/Electronics
[2025-04-18T04:13:42.974Z] INFO: GET /category/Bicycle
[2025-04-18T04:13:43.913Z] INFO: GET /render/All
[2025-04-18T04:14:03.780Z] INFO: GET /category/Electronics
[2025-04-18T04:14:04.901Z] INFO: GET /category/Bicycle
[2025-04-18T04:14:05.664Z] INFO: GET /
[2025-04-18T04:14:07.211Z] INFO: GET /category/Electronics
[2025-04-18T04:14:07.974Z] INFO: GET /category/Bicycle
[2025-04-18T04:14:08.587Z] INFO: GET /
[2025-04-18T04:14:10.020Z] INFO: GET /
[2025-04-18T04:14:10.034Z] INFO: GET /
[2025-04-18T04:14:12.073Z] INFO: GET /
[2025-04-18T04:14:12.086Z] INFO: GET /
[2025-04-18T04:14:14.526Z] INFO: GET /category/Electronics
[2025-04-18T04:14:15.245Z] INFO: GET /category/Bicycle
[2025-04-18T04:14:15.755Z] INFO: GET /category/Gadgets
[2025-04-18T04:14:16.825Z] INFO: GET /category/Electronics
[2025-04-18T04:14:17.395Z] INFO: GET /
[2025-04-18T04:14:20.265Z] INFO: GET /category/Electronics
[2025-04-18T04:14:20.978Z] INFO: GET /
[2025-04-18T04:14:50.273Z] INFO: GET /api/category/Electronics
[2025-04-18T04:14:52.312Z] INFO: GET /api/render/All
[2025-04-18T04:14:54.360Z] INFO: GET /api/render/All
[2025-04-18T04:14:54.370Z] INFO: GET /api/render/All
[2025-04-18T04:15:07.371Z] INFO: GET /api/list/render/All
[2025-04-18T04:15:07.395Z] INFO: GET /api/list/render/All
[2025-04-18T04:15:09.265Z] INFO: GET /api/list/category/Electronics
[2025-04-18T04:15:10.336Z] INFO: GET /api/list/category/Bicycle
[2025-04-18T04:15:12.567Z] INFO: listening on port 3000
[2025-04-18T04:15:12.799Z] INFO: GET /api/list/category/Gadgets
[2025-04-18T04:15:14.673Z] INFO: GET /api/list/category/Electronics
[2025-04-18T04:15:16.550Z] INFO: listening on port 3000
[2025-04-18T04:15:16.590Z] INFO: GET /api/list/category/Bicycle
[2025-04-18T04:15:23.519Z] INFO: listening on port 3000
[2025-04-18T04:15:43.713Z] INFO: listening on port 3000
[2025-04-18T04:15:56.142Z] INFO: POST /api/list/6801b010a4ccdd3c122b2b10
[2025-04-18T04:15:56.149Z] INFO: POST /api/list/6801b010a4ccdd3c122b2b10
[2025-04-18T04:15:58.676Z] INFO: listening on port 3000
[2025-04-18T04:15:58.883Z] INFO: GET /api/list/render/All
[2025-04-18T04:15:58.905Z] INFO: GET /api/list/render/All
[2025-04-18T04:16:02.718Z] INFO: listening on port 3000
[2025-04-18T04:16:06.685Z] INFO: listening on port 3000
[2025-04-18T04:16:11.815Z] INFO: POST /api/list/6801acd0a4ccdd3c122b2b04
[2025-04-18T04:16:11.823Z] INFO: POST /api/list/6801acd0a4ccdd3c122b2b04
[2025-04-18T04:16:15.463Z] INFO: GET /api/list/render/All
[2025-04-18T04:16:15.488Z] INFO: GET /api/list/render/All
[2025-04-18T04:16:21.001Z] INFO: listening on port 3000
[2025-04-18T04:16:22.162Z] INFO: listening on port 3000
[2025-04-18T04:16:30.749Z] INFO: listening on port 3000
[2025-04-18T04:16:31.871Z] INFO: POST /api/list/6801acd0a4ccdd3c122b2b04
[2025-04-18T04:16:31.875Z] INFO: POST /api/list/6801acd0a4ccdd3c122b2b04
[2025-04-18T04:16:38.091Z] INFO: listening on port 3000
[2025-04-18T04:16:44.049Z] INFO: listening on port 3000
[2025-04-18T04:16:51.173Z] INFO: listening on port 3000
[2025-04-18T04:16:58.008Z] INFO: listening on port 3000
[2025-04-18T04:17:03.504Z] INFO: listening on port 3000
[2025-04-18T04:19:23.182Z] INFO: listening on port 3000
[2025-04-18T04:20:08.748Z] INFO: listening on port 3000
[2025-04-18T04:20:39.482Z] INFO: listening on port 3000
[2025-04-18T04:22:22.088Z] INFO: listening on port 3000
[2025-04-18T04:24:35.595Z] INFO: listening on port 3000
[2025-04-18T04:24:50.444Z] INFO: listening on port 3000
[2025-04-18T04:25:04.355Z] INFO: listening on port 3000
[2025-04-18T04:25:07.179Z] INFO: listening on port 3000
[2025-04-18T04:26:01.054Z] INFO: POST /api/list/upload
[2025-04-18T04:27:31.952Z] INFO: POST /api/bid/6801b7ce792ecc048bf2eb1d
[2025-04-18T04:29:08.888Z] INFO: PUT /api/bid/close-bid/6801d4b372c1823b1c772f4d
[2025-04-18T04:30:27.361Z] INFO: PUT /api/bid/6801b858673977c4c908dd8f
[2025-04-18T04:30:30.221Z] INFO: POST /api/list/6801acd0a4ccdd3c122b2b04
[2025-04-18T04:30:30.228Z] INFO: POST /api/list/6801acd0a4ccdd3c122b2b04
[2025-04-18T04:30:30.821Z] INFO: POST /api/list/6801acd0a4ccdd3c122b2b04
[2025-04-18T04:30:30.828Z] INFO: POST /api/list/6801acd0a4ccdd3c122b2b04
[2025-04-18T04:30:30.966Z] INFO: POST /api/list/6801acd0a4ccdd3c122b2b04
[2025-04-18T04:30:30.970Z] INFO: POST /api/list/6801acd0a4ccdd3c122b2b04
[2025-04-18T04:30:32.723Z] INFO: POST /api/list/6801acd0a4ccdd3c122b2b04
[2025-04-18T04:30:32.727Z] INFO: POST /api/list/6801acd0a4ccdd3c122b2b04
[2025-04-18T04:30:34.094Z] INFO: GET /api/list/render/All
[2025-04-18T04:30:34.115Z] INFO: GET /api/list/render/All
[2025-04-18T04:30:35.221Z] INFO: GET /api/list/render/All
[2025-04-18T04:30:35.230Z] INFO: GET /api/list/render/All
[2025-04-18T04:30:39.571Z] INFO: POST /api/bid/6801b858673977c4c908dd8f
[2025-04-18T04:30:46.141Z] INFO: GET /api/list/render/All
[2025-04-18T04:30:46.168Z] INFO: GET /api/list/render/All
[2025-04-18T04:30:49.336Z] INFO: POST /api/list/6801acd0a4ccdd3c122b2b04
[2025-04-18T04:30:49.339Z] INFO: POST /api/list/6801acd0a4ccdd3c122b2b04
[2025-04-18T04:32:30.858Z] INFO: POST /api/list/6801acd0a4ccdd3c122b2b04
[2025-04-18T04:32:30.864Z] INFO: POST /api/list/6801acd0a4ccdd3c122b2b04
[2025-04-18T04:32:31.551Z] INFO: POST /api/list/6801acd0a4ccdd3c122b2b04
[2025-04-18T04:32:31.554Z] INFO: POST /api/list/6801acd0a4ccdd3c122b2b04
[2025-04-18T04:32:31.639Z] INFO: POST /api/list/6801acd0a4ccdd3c122b2b04
[2025-04-18T04:32:31.642Z] INFO: POST /api/list/6801acd0a4ccdd3c122b2b04
[2025-04-18T04:34:57.252Z] INFO: GET /api/list/render/All
[2025-04-18T04:34:57.278Z] INFO: GET /api/list/render/All
[2025-04-18T04:34:59.210Z] INFO: GET /api/list/category/Electronics
[2025-04-18T04:35:00.339Z] INFO: GET /api/list/category/Bicycle
[2025-04-18T04:35:02.379Z] INFO: GET /api/list/category/Gadgets
[2025-04-18T04:35:03.669Z] INFO: GET /api/list/category/Bicycle
[2025-04-18T04:35:12.436Z] INFO: GET /api/list/render/All
[2025-04-18T04:35:28.417Z] INFO: POST /api/list/6801b2055a2cc70cf3524bf1
[2025-04-18T04:35:28.423Z] INFO: POST /api/list/6801b2055a2cc70cf3524bf1
[2025-04-18T04:41:02.864Z] INFO: POST /api/list/6801b2055a2cc70cf3524bf1
[2025-04-18T04:41:57.237Z] INFO: POST /api/bid/6801b2055a2cc70cf3524bf1
[2025-04-18T04:42:55.609Z] INFO: POST /api/bid/6801b2055a2cc70cf3524bf1
[2025-04-18T04:52:06.043Z] INFO: listening on port 3000
[2025-04-18T04:52:18.709Z] INFO: GET /api/list/render/All
[2025-04-18T04:52:18.756Z] INFO: GET /api/list/render/All
[2025-04-18T04:52:21.190Z] INFO: POST /api/list/6801acd0a4ccdd3c122b2b04
[2025-04-18T04:52:21.195Z] INFO: POST /api/list/6801acd0a4ccdd3c122b2b04
[2025-04-18T04:52:26.559Z] INFO: POST /api/list/6801acf8a4ccdd3c122b2b06
[2025-04-18T04:52:26.562Z] INFO: POST /api/list/6801acf8a4ccdd3c122b2b06
[2025-04-18T04:52:26.922Z] INFO: POST /api/rental/6801acd0a4ccdd3c122b2b04
[2025-04-18T04:53:07.785Z] INFO: GET /
[2025-04-18T04:53:07.791Z] INFO: GET /
[2025-04-18T04:54:32.597Z] INFO: POST /api/bid/6801acd0a4ccdd3c122b2b04
[2025-04-18T04:54:49.756Z] INFO: GET /api/list/render/All
[2025-04-18T04:54:49.778Z] INFO: GET /api/list/render/All
[2025-04-18T04:56:55.305Z] INFO: GET /api/list/render/All
[2025-04-18T04:56:55.341Z] INFO: GET /api/list/render/All
[2025-04-18T04:57:02.466Z] INFO: GET /api/list/category/Electronics
[2025-04-18T04:57:06.864Z] INFO: GET /api/list/category/Bicycle
[2025-04-18T04:57:17.395Z] INFO: POST /api/list/6801b52da6eed7f2475dbfd2
[2025-04-18T04:57:17.399Z] INFO: POST /api/list/6801b52da6eed7f2475dbfd2
[2025-04-18T04:57:27.450Z] INFO: GET /api/list/render/All
[2025-04-18T04:57:27.482Z] INFO: GET /api/list/render/All
[2025-04-18T04:57:30.416Z] INFO: GET /api/list/category/Electronics
[2025-04-18T04:57:31.558Z] INFO: GET /api/cart/view-cart
[2025-04-18T04:57:33.693Z] INFO: GET /api/list/render/All
[2025-04-18T04:57:33.714Z] INFO: GET /api/list/render/All
[2025-04-18T04:59:13.581Z] INFO: GET /api/cart/view-cart
[2025-04-18T04:59:13.582Z] INFO: GET /api/cart/view-cart
[2025-04-18T04:59:14.721Z] INFO: GET /api/cart/view-cart
[2025-04-18T04:59:14.722Z] INFO: GET /api/cart/view-cart
[2025-04-18T04:59:16.616Z] INFO: GET /api/cart/view-cart
[2025-04-18T04:59:16.617Z] INFO: GET /api/cart/view-cart
[2025-04-18T04:59:17.033Z] INFO: GET /
[2025-04-18T04:59:17.036Z] INFO: GET /
[2025-04-18T04:59:36.763Z] INFO: POST /api/auth/login
[2025-04-18T04:59:37.161Z] INFO: GET /
[2025-04-18T04:59:37.162Z] INFO: GET /
[2025-04-18T04:59:51.100Z] INFO: GET /api/cart/view-cart
[2025-04-18T04:59:51.102Z] INFO: GET /api/cart/view-cart
[2025-04-18T05:01:30.972Z] INFO: GET /api/list/render/All
[2025-04-18T05:01:30.992Z] INFO: GET /api/list/render/All
[2025-04-18T05:01:33.758Z] INFO: GET /
[2025-04-18T05:01:33.760Z] INFO: GET /
[2025-04-18T05:02:54.428Z] INFO: listening on port 3000
[2025-04-18T05:03:41.363Z] INFO: GET /
[2025-04-18T05:03:41.375Z] INFO: GET /
[2025-04-18T05:04:00.329Z] INFO: POST /api/auth/login
[2025-04-18T05:04:00.465Z] INFO: GET /
[2025-04-18T05:04:00.468Z] INFO: GET /
[2025-04-18T05:04:07.775Z] INFO: GET /
[2025-04-18T05:04:07.777Z] INFO: GET /
[2025-04-18T05:04:08.046Z] INFO: GET /api/cart/view-cart
[2025-04-18T05:04:13.147Z] INFO: GET /
[2025-04-18T05:04:13.152Z] INFO: GET /
[2025-04-18T05:04:16.861Z] INFO: GET /
[2025-04-18T05:04:16.863Z] INFO: GET /
[2025-04-18T05:04:41.757Z] INFO: POST /api/auth/login
[2025-04-18T05:04:41.923Z] INFO: GET /api/list/render/All
[2025-04-18T05:04:41.934Z] INFO: GET /api/list/render/All
[2025-04-18T05:04:59.468Z] INFO: POST /api/list/6801acf8a4ccdd3c122b2b06
[2025-04-18T05:04:59.476Z] INFO: POST /api/list/6801acf8a4ccdd3c122b2b06
[2025-04-18T05:05:07.286Z] INFO: POST /api/bid/6801acf8a4ccdd3c122b2b06
[2025-04-18T05:05:48.109Z] INFO: POST /api/rental/6801acf8a4ccdd3c122b2b06
[2025-04-18T05:06:00.692Z] INFO: GET /api/list/render/All
[2025-04-18T05:06:00.709Z] INFO: GET /api/list/render/All
[2025-04-18T05:06:15.009Z] INFO: POST /api/list/6801b05da4ccdd3c122b2b15
[2025-04-18T05:06:15.011Z] INFO: POST /api/list/6801b05da4ccdd3c122b2b15
[2025-04-18T05:08:15.271Z] INFO: POST /api/bid/6801b858673977c4c908dd8f
[2025-04-18T05:08:24.157Z] INFO: GET /api/list/render/All
[2025-04-18T05:08:24.182Z] INFO: GET /api/list/render/All
[2025-04-18T05:08:26.790Z] INFO: POST /api/list/6801acf8a4ccdd3c122b2b06
[2025-04-18T05:08:26.794Z] INFO: POST /api/list/6801acf8a4ccdd3c122b2b06
[2025-04-18T05:08:36.457Z] INFO: POST /api/bid/6801acf8a4ccdd3c122b2b06
[2025-04-18T05:09:02.759Z] INFO: POST /api/list/6801acf8a4ccdd3c122b2b06
[2025-04-18T05:09:02.765Z] INFO: POST /api/list/6801acf8a4ccdd3c122b2b06
[2025-04-18T05:10:52.026Z] INFO: POST /api/list/6801acf8a4ccdd3c122b2b06
[2025-04-18T05:10:52.029Z] INFO: POST /api/list/6801acf8a4ccdd3c122b2b06
[2025-04-18T05:10:57.041Z] INFO: GET /api/list/render/All
[2025-04-18T05:10:57.060Z] INFO: GET /api/list/render/All
[2025-04-18T05:10:59.497Z] INFO: POST /api/list/6801af77a4ccdd3c122b2b0b
[2025-04-18T05:10:59.500Z] INFO: POST /api/list/6801af77a4ccdd3c122b2b0b
[2025-04-18T05:11:07.808Z] INFO: POST /api/bid/6801af77a4ccdd3c122b2b0b
[2025-04-18T05:11:13.858Z] INFO: POST /api/list/6801af77a4ccdd3c122b2b0b
[2025-04-18T05:11:13.860Z] INFO: POST /api/list/6801af77a4ccdd3c122b2b0b
[2025-04-18T05:11:39.646Z] INFO: GET /api/auth/login
[2025-04-18T05:11:53.968Z] INFO: GET /api/auth/login
[2025-04-18T05:12:24.822Z] INFO: POST /api/list/6801af77a4ccdd3c122b2b0b
[2025-04-18T05:13:11.781Z] INFO: POST /api/auth/login
[2025-04-18T05:13:25.780Z] INFO: POST /api/list/6801af77a4ccdd3c122b2b0b
[2025-04-18T05:13:28.233Z] INFO: POST /api/list/6801af77a4ccdd3c122b2b0b
[2025-04-18T05:13:28.238Z] INFO: POST /api/list/6801af77a4ccdd3c122b2b0b
[2025-04-18T05:13:30.479Z] INFO: GET /api/list/render/All
[2025-04-18T05:13:30.493Z] INFO: GET /api/list/render/All
[2025-04-18T05:13:34.555Z] INFO: POST /api/list/6801b010a4ccdd3c122b2b10
[2025-04-18T05:13:34.559Z] INFO: POST /api/list/6801b010a4ccdd3c122b2b10
[2025-04-18T05:13:40.735Z] INFO: POST /api/rental/6801b010a4ccdd3c122b2b10
[2025-04-18T05:13:46.525Z] INFO: POST /api/bid/6801b010a4ccdd3c122b2b10
[2025-04-18T05:13:54.010Z] INFO: POST /api/bid/6801b010a4ccdd3c122b2b10
[2025-04-18T05:14:02.649Z] INFO: POST /api/rental/6801b010a4ccdd3c122b2b10
[2025-04-18T05:14:04.437Z] INFO: POST /api/rental/6801b010a4ccdd3c122b2b10
[2025-04-18T05:14:24.311Z] INFO: GET /api/list/render/All
[2025-04-18T05:14:24.342Z] INFO: GET /api/list/render/All
[2025-04-18T05:14:39.030Z] INFO: POST /api/bid/6801b858673977c4c908dd8f
[2025-04-18T05:14:57.084Z] INFO: POST /api/list/6801af77a4ccdd3c122b2b0b
[2025-04-18T05:14:57.092Z] INFO: POST /api/list/6801af77a4ccdd3c122b2b0b
[2025-04-18T05:15:00.451Z] INFO: POST /api/list/6801af77a4ccdd3c122b2b0b
[2025-04-18T05:15:00.455Z] INFO: POST /api/list/6801af77a4ccdd3c122b2b0b
[2025-04-18T05:15:01.784Z] INFO: GET /api/list/render/All
[2025-04-18T05:15:01.803Z] INFO: GET /api/list/render/All
[2025-04-18T05:15:10.648Z] INFO: POST /api/list/6801b010a4ccdd3c122b2b10
[2025-04-18T05:15:10.652Z] INFO: POST /api/list/6801b010a4ccdd3c122b2b10
[2025-04-18T05:15:14.377Z] INFO: GET /api/list/render/All
[2025-04-18T05:15:14.397Z] INFO: GET /api/list/render/All
[2025-04-18T05:15:19.097Z] INFO: POST /api/list/6801b010a4ccdd3c122b2b10
[2025-04-18T05:15:19.101Z] INFO: POST /api/list/6801b010a4ccdd3c122b2b10
[2025-04-18T05:15:51.402Z] INFO: POST /api/bid/6801b010a4ccdd3c122b2b10
[2025-04-18T05:15:54.524Z] INFO: POST /api/list/6801b010a4ccdd3c122b2b10
[2025-04-18T05:15:54.528Z] INFO: POST /api/list/6801b010a4ccdd3c122b2b10
[2025-04-18T05:15:56.517Z] INFO: GET /api/list/render/All
[2025-04-18T05:15:56.537Z] INFO: GET /api/list/render/All
[2025-04-18T05:18:11.336Z] INFO: GET /api/list/render/All
[2025-04-18T05:18:11.347Z] INFO: GET /api/user/profile
[2025-04-18T05:18:11.352Z] INFO: GET /api/list/render/All
[2025-04-18T05:18:11.358Z] INFO: GET /api/user/profile
[2025-04-18T05:24:52.050Z] INFO: GET /api/list/render/All
[2025-04-18T05:24:52.337Z] INFO: GET /api/list/render/All
[2025-04-18T05:25:32.827Z] INFO: GET /api/list/render/All
[2025-04-18T05:25:32.844Z] INFO: GET /api/list/render/All
[2025-04-18T05:25:52.304Z] INFO: POST /api/auth/login
[2025-04-18T05:25:52.444Z] INFO: GET /api/list/render/All
[2025-04-18T05:25:52.453Z] INFO: GET /api/list/render/All
[2025-04-18T05:26:00.178Z] INFO: GET /api/list/category/Electronics
[2025-04-18T05:26:00.991Z] INFO: GET /api/list/category/Bicycle
[2025-04-18T05:26:02.936Z] INFO: GET /api/list/render/All
[2025-04-18T05:26:04.889Z] INFO: POST /api/list/6801acd0a4ccdd3c122b2b04
[2025-04-18T05:26:04.895Z] INFO: POST /api/list/6801acd0a4ccdd3c122b2b04
[2025-04-18T05:26:10.214Z] INFO: POST /api/rental/6801acd0a4ccdd3c122b2b04
[2025-04-18T05:26:19.273Z] INFO: POST /api/bid/6801acd0a4ccdd3c122b2b04
[2025-04-18T05:26:28.539Z] INFO: GET /api/list/render/All
[2025-04-18T05:26:28.551Z] INFO: GET /api/list/render/All
[2025-04-18T05:27:54.350Z] INFO: POST /api/list/rental/680160dec3cd3b664d0d1fd8
[2025-04-18T05:29:40.740Z] INFO: POST /api/list/rental/6801acf8a4ccdd3c122b2b06
[2025-04-18T05:30:33.431Z] INFO: POST /api/list/rental/6801aa3ca4ccdd3c122b2b00
[2025-04-18T05:31:55.315Z] INFO: listening on port 3000
[2025-04-18T05:32:07.010Z] INFO: GET /api/list/render/All
[2025-04-18T05:32:07.015Z] INFO: GET /api/list/render/All
[2025-04-18T05:32:15.156Z] INFO: POST /api/list/6801acd0a4ccdd3c122b2b04
[2025-04-18T05:32:15.162Z] INFO: POST /api/list/6801acd0a4ccdd3c122b2b04
[2025-04-18T05:32:32.550Z] INFO: POST /api/bid/6801acd0a4ccdd3c122b2b04
[2025-04-18T05:32:50.682Z] INFO: POST /api/auth/login
[2025-04-18T05:32:50.841Z] INFO: GET /api/list/render/All
[2025-04-18T05:32:50.842Z] INFO: GET /api/list/render/All
[2025-04-18T05:32:53.553Z] INFO: POST /api/list/6801acd0a4ccdd3c122b2b04
[2025-04-18T05:32:53.558Z] INFO: POST /api/list/6801acd0a4ccdd3c122b2b04
[2025-04-18T05:32:58.780Z] INFO: POST /api/bid/6801acd0a4ccdd3c122b2b04
[2025-04-18T05:33:32.305Z] INFO: POST /api/bid/6801acd0a4ccdd3c122b2b04
[2025-04-18T05:33:35.160Z] INFO: POST /api/bid/6801acd0a4ccdd3c122b2b04
[2025-04-18T05:33:37.563Z] INFO: POST /api/list/6801acd0a4ccdd3c122b2b04
[2025-04-18T05:33:37.566Z] INFO: POST /api/list/6801acd0a4ccdd3c122b2b04
[2025-04-18T05:33:41.996Z] INFO: POST /api/bid/6801acd0a4ccdd3c122b2b04
[2025-04-18T05:35:21.863Z] INFO: POST /api/bid/6801acd0a4ccdd3c122b2b04
[2025-04-18T05:35:29.564Z] INFO: POST /api/bid/6801acd0a4ccdd3c122b2b04
[2025-04-18T05:35:41.722Z] INFO: POST /api/list/6801acd0a4ccdd3c122b2b04
[2025-04-18T05:35:41.726Z] INFO: POST /api/list/6801acd0a4ccdd3c122b2b04
[2025-04-18T05:35:46.520Z] INFO: POST /api/bid/6801acd0a4ccdd3c122b2b04
[2025-04-18T05:36:25.077Z] INFO: POST /api/auth/signup
[2025-04-18T05:36:31.658Z] INFO: POST /api/auth/login
[2025-04-18T05:36:31.782Z] INFO: GET /api/list/render/All
[2025-04-18T05:36:31.784Z] INFO: GET /api/list/render/All
[2025-04-18T05:36:33.696Z] INFO: POST /api/list/6801acd0a4ccdd3c122b2b04
[2025-04-18T05:36:33.699Z] INFO: POST /api/list/6801acd0a4ccdd3c122b2b04
[2025-04-18T05:36:43.645Z] INFO: POST /api/bid/6801acd0a4ccdd3c122b2b04
[2025-04-18T05:37:00.034Z] INFO: POST /api/rental/6801acd0a4ccdd3c122b2b04
[2025-04-18T05:39:07.851Z] INFO: POST /api/rental/6801acd0a4ccdd3c122b2b04
[2025-04-18T05:39:10.918Z] INFO: POST /api/bid/6801acd0a4ccdd3c122b2b04
[2025-04-18T05:39:12.142Z] INFO: POST /api/bid/6801acd0a4ccdd3c122b2b04
[2025-04-18T05:39:12.247Z] INFO: POST /api/bid/6801acd0a4ccdd3c122b2b04
[2025-04-18T05:39:13.477Z] INFO: GET /api/list/render/All
[2025-04-18T05:39:13.500Z] INFO: GET /api/list/render/All
[2025-04-18T05:39:19.317Z] INFO: POST /api/list/6801b2575a2cc70cf3524bf3
[2025-04-18T05:39:19.320Z] INFO: POST /api/list/6801b2575a2cc70cf3524bf3
[2025-04-18T05:39:23.894Z] INFO: POST /api/bid/6801b2575a2cc70cf3524bf3
[2025-04-18T05:39:40.210Z] INFO: POST /api/auth/login
[2025-04-18T05:39:40.337Z] INFO: GET /api/list/render/All
[2025-04-18T05:39:40.348Z] INFO: GET /api/list/render/All
[2025-04-18T05:39:42.057Z] INFO: POST /api/list/6801acd0a4ccdd3c122b2b04
[2025-04-18T05:39:42.066Z] INFO: POST /api/list/6801acd0a4ccdd3c122b2b04
[2025-04-18T05:39:48.028Z] INFO: POST /api/bid/6801acd0a4ccdd3c122b2b04
[2025-04-18T05:39:50.953Z] INFO: GET /api/list/render/All
[2025-04-18T05:39:50.972Z] INFO: GET /api/list/render/All
[2025-04-18T05:43:03.097Z] INFO: listening on port 3000
[2025-04-18T05:43:08.092Z] INFO: GET /api/cart/view-cart
[2025-04-18T05:43:11.549Z] INFO: POST /api/rental/6801acd0a4ccdd3c122b2b04
[2025-04-18T05:43:13.507Z] INFO: POST /api/rental/6801acd0a4ccdd3c122b2b04
[2025-04-18T05:43:15.657Z] INFO: POST /api/list/6801acd0a4ccdd3c122b2b04
[2025-04-18T05:43:15.671Z] INFO: POST /api/list/6801acd0a4ccdd3c122b2b04
[2025-04-18T05:43:21.148Z] INFO: POST /api/bid/6801acd0a4ccdd3c122b2b04
[2025-04-18T05:43:30.904Z] INFO: POST /api/rental/6801acd0a4ccdd3c122b2b04
[2025-04-18T05:44:56.146Z] INFO: POST /api/auth/login
[2025-04-18T05:44:56.293Z] INFO: GET /api/list/render/All
[2025-04-18T05:44:56.306Z] INFO: GET /api/list/render/All
[2025-04-18T05:44:58.598Z] INFO: POST /api/list/6801acd0a4ccdd3c122b2b04
[2025-04-18T05:44:58.606Z] INFO: POST /api/list/6801acd0a4ccdd3c122b2b04
[2025-04-18T05:45:04.327Z] INFO: POST /api/bid/6801acd0a4ccdd3c122b2b04
[2025-04-18T05:45:38.353Z] INFO: POST /api/list/6801acd0a4ccdd3c122b2b04
[2025-04-18T05:45:38.360Z] INFO: POST /api/list/6801acd0a4ccdd3c122b2b04
[2025-04-18T05:45:41.751Z] INFO: POST /api/list/rental/6801acd0a4ccdd3c122b2b04
[2025-04-18T05:45:53.509Z] INFO: POST /api/bid/6801acd0a4ccdd3c122b2b04
[2025-04-18T05:46:35.979Z] INFO: listening on port 3000
[2025-04-18T05:46:39.592Z] INFO: POST /api/bid/6801acd0a4ccdd3c122b2b04
[2025-04-18T05:46:39.968Z] INFO: POST /api/bid/6801acd0a4ccdd3c122b2b04
[2025-04-18T05:46:40.223Z] INFO: POST /api/list/6801acd0a4ccdd3c122b2b04
[2025-04-18T05:46:40.234Z] INFO: POST /api/list/6801acd0a4ccdd3c122b2b04
[2025-04-18T05:46:40.275Z] INFO: POST /api/bid/6801acd0a4ccdd3c122b2b04
[2025-04-18T05:46:40.439Z] INFO: POST /api/bid/6801acd0a4ccdd3c122b2b04
[2025-04-18T05:46:40.654Z] INFO: POST /api/bid/6801acd0a4ccdd3c122b2b04
[2025-04-18T05:46:40.854Z] INFO: POST /api/bid/6801acd0a4ccdd3c122b2b04
[2025-04-18T05:46:42.939Z] INFO: POST /api/bid/6801acd0a4ccdd3c122b2b04
[2025-04-18T05:46:45.503Z] INFO: POST /api/rental/6801acd0a4ccdd3c122b2b04
[2025-04-18T05:46:46.018Z] INFO: GET /api/list/render/All
[2025-04-18T05:46:46.024Z] INFO: GET /api/list/render/All
[2025-04-18T05:46:46.652Z] INFO: POST /api/rental/6801acd0a4ccdd3c122b2b04
[2025-04-18T05:46:46.860Z] INFO: POST /api/rental/6801acd0a4ccdd3c122b2b04
[2025-04-18T05:46:47.434Z] INFO: POST /api/list/6801aa3ca4ccdd3c122b2b00
[2025-04-18T05:46:47.450Z] INFO: POST /api/list/6801aa3ca4ccdd3c122b2b00
[2025-04-18T05:46:48.798Z] INFO: GET /api/list/render/All
[2025-04-18T05:46:48.822Z] INFO: GET /api/list/render/All
[2025-04-18T05:46:55.334Z] INFO: POST /api/list/6801b12da4ccdd3c122b2b1d
[2025-04-18T05:46:55.350Z] INFO: POST /api/list/6801b12da4ccdd3c122b2b1d
[2025-04-18T05:46:59.739Z] INFO: POST /api/bid/6801b12da4ccdd3c122b2b1d
[2025-04-18T05:47:00.068Z] INFO: POST /api/bid/6801aa3ca4ccdd3c122b2b00
[2025-04-18T05:47:14.990Z] INFO: GET /api/list/render/All
[2025-04-18T05:47:15.009Z] INFO: GET /api/list/render/All
[2025-04-18T05:50:28.843Z] INFO: GET /api/list/render/All
[2025-04-18T05:50:28.861Z] INFO: GET /api/list/render/All
[2025-04-18T05:50:30.691Z] INFO: POST /api/list/6801acf8a4ccdd3c122b2b06
[2025-04-18T05:50:30.695Z] INFO: POST /api/list/6801acf8a4ccdd3c122b2b06
[2025-04-18T05:50:38.158Z] INFO: GET /api/list/render/All
[2025-04-18T05:50:38.175Z] INFO: GET /api/list/render/All
[2025-04-18T05:50:40.925Z] INFO: POST /api/list/6801b05da4ccdd3c122b2b15
[2025-04-18T05:50:40.937Z] INFO: POST /api/list/6801b05da4ccdd3c122b2b15
[2025-04-18T05:50:46.863Z] INFO: POST /api/bid/6801b05da4ccdd3c122b2b15
[2025-04-18T05:53:38.040Z] INFO: listening on port 3000
[2025-04-18T05:53:39.348Z] INFO: listening on port 3000
[2025-04-18T05:55:05.818Z] INFO: listening on port 3000
[2025-04-18T05:55:26.776Z] INFO: POST /api/bid/biding/6801aa3ca4ccdd3c122b2b00
[2025-04-18T05:55:28.162Z] INFO: POST /api/bid/biding/6801aa3ca4ccdd3c122b2b00
[2025-04-18T05:55:29.668Z] INFO: POST /api/list/6801aa3ca4ccdd3c122b2b00
[2025-04-18T05:55:29.680Z] INFO: POST /api/list/6801aa3ca4ccdd3c122b2b00
[2025-04-18T05:55:36.583Z] INFO: GET /api/list/render/All
[2025-04-18T05:55:36.590Z] INFO: GET /api/list/render/All
[2025-04-18T05:55:38.070Z] INFO: POST /api/list/6801af77a4ccdd3c122b2b0b
[2025-04-18T05:55:38.075Z] INFO: POST /api/list/6801af77a4ccdd3c122b2b0b
[2025-04-18T05:55:47.296Z] INFO: POST /api/bid/biding/6801af77a4ccdd3c122b2b0b
[2025-04-18T05:55:56.222Z] INFO: listening on port 3000
[2025-04-18T05:55:58.235Z] INFO: POST /api/bid/biding/6801af77a4ccdd3c122b2b0b
[2025-04-18T05:55:58.745Z] INFO: POST /api/bid/biding/6801af77a4ccdd3c122b2b0b
[2025-04-18T05:55:58.962Z] INFO: POST /api/bid/biding/6801af77a4ccdd3c122b2b0b
[2025-04-18T05:55:59.145Z] INFO: POST /api/bid/biding/6801af77a4ccdd3c122b2b0b
[2025-04-18T05:55:59.295Z] INFO: POST /api/bid/biding/6801af77a4ccdd3c122b2b0b
[2025-04-18T05:55:59.928Z] INFO: POST /api/bid/biding/6801af77a4ccdd3c122b2b0b
[2025-04-18T05:56:00.161Z] INFO: POST /api/bid/biding/6801af77a4ccdd3c122b2b0b
[2025-04-18T05:56:54.893Z] INFO: listening on port 3000
[2025-04-18T05:57:30.023Z] INFO: POST /api/bid/6801af77a4ccdd3c122b2b0b
[2025-04-18T05:57:34.100Z] INFO: GET /api/list/render/All
[2025-04-18T05:57:34.118Z] INFO: GET /api/list/render/All
[2025-04-18T05:57:34.996Z] INFO: POST /api/list/6801af77a4ccdd3c122b2b0b
[2025-04-18T05:57:35.010Z] INFO: POST /api/list/6801af77a4ccdd3c122b2b0b
[2025-04-18T05:57:40.888Z] INFO: POST /api/bid/6801af77a4ccdd3c122b2b0b
[2025-04-18T06:00:45.992Z] INFO: listening on port 3000
[2025-04-18T06:00:50.673Z] INFO: listening on port 3000
[2025-04-18T06:00:54.526Z] INFO: POST /api/bid/6801b05da4ccdd3c122b2b15
[2025-04-18T06:00:55.222Z] INFO: POST /api/bid/6801b05da4ccdd3c122b2b15
[2025-04-18T06:00:55.398Z] INFO: POST /api/bid/6801b05da4ccdd3c122b2b15
[2025-04-18T06:00:55.568Z] INFO: POST /api/bid/6801b05da4ccdd3c122b2b15
[2025-04-18T06:00:59.236Z] INFO: listening on port 3000
[2025-04-18T06:01:14.849Z] INFO: GET /api/list/render/All
[2025-04-18T06:01:14.900Z] INFO: GET /api/list/render/All
[2025-04-18T06:01:20.751Z] INFO: GET /api/list/render/All
[2025-04-18T06:01:20.758Z] INFO: GET /api/list/render/All
[2025-04-18T06:01:20.960Z] INFO: POST /api/list/6801acd0a4ccdd3c122b2b04
[2025-04-18T06:01:20.962Z] INFO: POST /api/list/6801acd0a4ccdd3c122b2b04
[2025-04-18T06:01:23.471Z] INFO: POST /api/list/6801acd0a4ccdd3c122b2b04
[2025-04-18T06:01:23.478Z] INFO: POST /api/list/6801acd0a4ccdd3c122b2b04
[2025-04-18T06:01:25.125Z] INFO: GET /api/list/render/All
[2025-04-18T06:01:25.144Z] INFO: GET /api/list/render/All
[2025-04-18T06:01:26.185Z] INFO: GET /api/list/render/All
[2025-04-18T06:01:26.187Z] INFO: GET /api/list/render/All
[2025-04-18T06:01:27.674Z] INFO: POST /api/list/6801b0e1a4ccdd3c122b2b1b
[2025-04-18T06:01:27.677Z] INFO: POST /api/list/6801b0e1a4ccdd3c122b2b1b
[2025-04-18T06:01:30.161Z] INFO: POST /api/list/6801b12da4ccdd3c122b2b1d
[2025-04-18T06:01:30.164Z] INFO: POST /api/list/6801b12da4ccdd3c122b2b1d
[2025-04-18T06:01:34.510Z] INFO: POST /api/bid/6801b0e1a4ccdd3c122b2b1b
[2025-04-18T06:01:36.194Z] INFO: POST /api/bid/6801b12da4ccdd3c122b2b1d
[2025-04-18T06:01:39.357Z] INFO: GET /api/list/render/All
[2025-04-18T06:01:39.375Z] INFO: GET /api/list/render/All
[2025-04-18T06:02:19.649Z] INFO: POST /api/list/6801acf8a4ccdd3c122b2b06
[2025-04-18T06:02:19.653Z] INFO: POST /api/list/6801acf8a4ccdd3c122b2b06
[2025-04-18T06:02:22.064Z] INFO: GET /api/list/render/All
[2025-04-18T06:02:22.082Z] INFO: GET /api/list/render/All
[2025-04-18T06:02:23.501Z] INFO: POST /api/list/6801acd0a4ccdd3c122b2b04
[2025-04-18T06:02:23.504Z] INFO: POST /api/list/6801acd0a4ccdd3c122b2b04
[2025-04-18T06:02:25.391Z] INFO: GET /api/list/render/All
[2025-04-18T06:02:25.405Z] INFO: GET /api/list/render/All
[2025-04-18T06:02:27.935Z] INFO: POST /api/list/6801b010a4ccdd3c122b2b10
[2025-04-18T06:02:27.939Z] INFO: POST /api/list/6801b010a4ccdd3c122b2b10
[2025-04-18T06:02:34.127Z] INFO: POST /api/bid/6801b010a4ccdd3c122b2b10
[2025-04-18T06:02:44.696Z] INFO: GET /api/list/render/All
[2025-04-18T06:02:44.714Z] INFO: GET /api/list/render/All
[2025-04-18T06:03:52.279Z] INFO: POST /api/bid/6801b858673977c4c908dd8f
[2025-04-18T06:04:12.685Z] INFO: POST /api/list/6801b010a4ccdd3c122b2b10
[2025-04-18T06:04:12.688Z] INFO: POST /api/list/6801b010a4ccdd3c122b2b10
[2025-04-18T06:04:14.574Z] INFO: POST /api/bid/6801b858673977c4c908dd8f
[2025-04-18T06:04:18.295Z] INFO: POST /api/bid/6801b010a4ccdd3c122b2b10
[2025-04-18T06:05:12.461Z] INFO: listening on port 3000
[2025-04-18T06:05:22.166Z] INFO: listening on port 3000
[2025-04-18T06:05:29.926Z] INFO: listening on port 3000
[2025-04-18T06:05:44.444Z] INFO: listening on port 3000
[2025-04-18T06:05:52.385Z] INFO: listening on port 3000
[2025-04-18T06:06:15.186Z] INFO: POST /api/bid/6801b858673977c4c908dd8f
[2025-04-18T06:06:43.045Z] INFO: listening on port 3000
[2025-04-18T06:07:04.416Z] INFO: listening on port 3000
[2025-04-18T06:07:38.040Z] INFO: listening on port 3000
[2025-04-18T06:07:44.738Z] INFO: POST /api/bid/6801b858673977c4c908dd8f
[2025-04-18T06:07:47.908Z] INFO: POST /api/bid/6801b0e1a4ccdd3c122b2b1b
[2025-04-18T06:21:09.570Z] INFO: listening on port 3000
[2025-04-18T06:21:18.479Z] INFO: GET /api/list/render/All
[2025-04-18T06:21:18.486Z] INFO: GET /api/list/render/All
[2025-04-18T06:21:48.188Z] INFO: GET /api/list/category/Electronics
[2025-04-18T06:21:49.380Z] INFO: GET /api/list/category/Bicycle
[2025-04-18T06:21:53.683Z] INFO: GET /api/list/category/Electronics
[2025-04-18T06:22:05.365Z] INFO: GET /api/list/category/Bicycle
[2025-04-18T06:23:11.049Z] INFO: POST /api/list/6801b010a4ccdd3c122b2b10
[2025-04-18T06:23:11.054Z] INFO: POST /api/list/6801b010a4ccdd3c122b2b10
[2025-04-18T06:23:22.673Z] INFO: POST /api/bid/6801b010a4ccdd3c122b2b10
[2025-04-18T06:23:29.224Z] INFO: POST /api/list/rental/6801b010a4ccdd3c122b2b10
[2025-04-18T06:23:43.368Z] INFO: GET /api/list/render/All
[2025-04-18T06:23:43.371Z] INFO: GET /api/list/render/All
[2025-04-18T06:23:47.922Z] INFO: POST /api/list/6801b2b513ef4cb42df14f1a
[2025-04-18T06:23:47.923Z] INFO: POST /api/list/6801b2b513ef4cb42df14f1a
[2025-04-18T06:24:02.814Z] INFO: POST /api/bid/6801b2b513ef4cb42df14f1a
[2025-04-18T06:24:51.347Z] INFO: GET /api/list/render/All
[2025-04-18T06:24:51.352Z] INFO: GET /api/list/render/All
[2025-04-18T06:25:18.486Z] INFO: POST /api/auth/login
[2025-04-18T06:25:18.640Z] INFO: GET /api/list/render/All
[2025-04-18T06:25:18.641Z] INFO: GET /api/list/render/All
[2025-04-18T06:25:45.949Z] INFO: GET /api/list/render/All
[2025-04-18T06:25:45.954Z] INFO: GET /api/list/render/All
[2025-04-18T06:25:54.820Z] INFO: GET /api/list/render/All
[2025-04-18T06:25:54.822Z] INFO: GET /api/list/render/All
[2025-04-18T06:27:27.363Z] INFO: POST /api/list/6801acd0a4ccdd3c122b2b04
[2025-04-18T06:27:27.368Z] INFO: POST /api/list/6801acd0a4ccdd3c122b2b04
[2025-04-18T06:27:38.457Z] INFO: GET /api/list/render/All
[2025-04-18T06:27:38.460Z] INFO: GET /api/list/render/All
[2025-04-18T06:30:55.719Z] INFO: POST /api/list/6801acf8a4ccdd3c122b2b06
[2025-04-18T06:30:55.724Z] INFO: POST /api/list/6801acf8a4ccdd3c122b2b06
[2025-04-18T06:33:07.702Z] INFO: GET /api/list/render/All
[2025-04-18T06:33:07.706Z] INFO: GET /api/list/render/All
[2025-04-18T06:55:08.624Z] INFO: POST /api/list/6801b2b513ef4cb42df14f1a
[2025-04-18T06:55:08.640Z] INFO: POST /api/list/6801b2b513ef4cb42df14f1a
[2025-04-18T06:55:18.523Z] INFO: POST /api/bid/6801b2b513ef4cb42df14f1a
[2025-04-18T06:55:27.900Z] INFO: POST /api/list/rental/6801b2b513ef4cb42df14f1a
[2025-04-18T06:55:35.312Z] INFO: GET /api/list/render/All
[2025-04-18T06:55:35.315Z] INFO: GET /api/list/render/All
[2025-04-18T06:55:45.757Z] INFO: POST /api/auth/login
[2025-04-18T06:55:45.889Z] INFO: GET /api/list/render/All
[2025-04-18T06:55:45.890Z] INFO: GET /api/list/render/All
[2025-04-18T06:55:55.533Z] INFO: GET /api/list/render/All
[2025-04-18T06:55:55.537Z] INFO: GET /api/list/render/All
[2025-04-18T06:55:57.733Z] INFO: GET /api/list/category/Electronics
[2025-04-18T06:55:59.166Z] INFO: GET /api/list/category/Bicycle
[2025-04-18T06:56:01.134Z] INFO: GET /api/list/category/Gadgets
[2025-04-18T06:56:05.416Z] INFO: GET /api/list/render/All
